c:\users\13984\desktop\test\apcinject-drivermode\apcinject-drivermode\x64\debug\vc143.pdb
c:\users\13984\desktop\test\apcinject-drivermode\apcinject-drivermode\x64\debug\inject.obj
c:\users\13984\desktop\test\apcinject-drivermode\x64\debug\apcinject-drivermode\apcinject-drivermode.cat
c:\users\13984\desktop\test\apcinject-drivermode\x64\debug\apcinject-drivermode.sys
c:\users\13984\desktop\test\apcinject-drivermode\x64\debug\apcinject-drivermode.pdb
c:\users\13984\desktop\test\apcinject-drivermode\apcinject-drivermode\x64\debug\apcinject-drivermode.inf
c:\users\13984\desktop\test\apcinject-drivermode\x64\debug\apcinject-drivermode.cer
c:\users\13984\desktop\test\apcinject-drivermode\x64\debug\apcinject-drivermode.inf
c:\users\13984\desktop\test\apcinject-drivermode\apcinject-drivermode\x64\debug\apcinjec.ad1e7740.tlog\cl.command.1.tlog
c:\users\13984\desktop\test\apcinject-drivermode\apcinject-drivermode\x64\debug\apcinjec.ad1e7740.tlog\cl.items.tlog
c:\users\13984\desktop\test\apcinject-drivermode\apcinject-drivermode\x64\debug\apcinjec.ad1e7740.tlog\cl.read.1.tlog
c:\users\13984\desktop\test\apcinject-drivermode\apcinject-drivermode\x64\debug\apcinjec.ad1e7740.tlog\cl.write.1.tlog
c:\users\13984\desktop\test\apcinject-drivermode\apcinject-drivermode\x64\debug\apcinjec.ad1e7740.tlog\inf2cat-expand.32504.read.1.tlog
c:\users\13984\desktop\test\apcinject-drivermode\apcinject-drivermode\x64\debug\apcinjec.ad1e7740.tlog\inf2cat-expand.32504.write.1.tlog
c:\users\13984\desktop\test\apcinject-drivermode\apcinject-drivermode\x64\debug\apcinjec.ad1e7740.tlog\inf2cat-expand.read.1.tlog
c:\users\13984\desktop\test\apcinject-drivermode\apcinject-drivermode\x64\debug\apcinjec.ad1e7740.tlog\inf2cat-expand.write.1.tlog
c:\users\13984\desktop\test\apcinject-drivermode\apcinject-drivermode\x64\debug\apcinjec.ad1e7740.tlog\inf2cat.command.1.tlog
c:\users\13984\desktop\test\apcinject-drivermode\apcinject-drivermode\x64\debug\apcinjec.ad1e7740.tlog\inf2cat.read.1.tlog
c:\users\13984\desktop\test\apcinject-drivermode\apcinject-drivermode\x64\debug\apcinjec.ad1e7740.tlog\inf2cat.write.1.tlog
c:\users\13984\desktop\test\apcinject-drivermode\apcinject-drivermode\x64\debug\apcinjec.ad1e7740.tlog\link.command.1.tlog
c:\users\13984\desktop\test\apcinject-drivermode\apcinject-drivermode\x64\debug\apcinjec.ad1e7740.tlog\link.read.1.tlog
c:\users\13984\desktop\test\apcinject-drivermode\apcinject-drivermode\x64\debug\apcinjec.ad1e7740.tlog\link.secondary.1.tlog
c:\users\13984\desktop\test\apcinject-drivermode\apcinject-drivermode\x64\debug\apcinjec.ad1e7740.tlog\link.write.1.tlog
c:\users\13984\desktop\test\apcinject-drivermode\apcinject-drivermode\x64\debug\apcinjec.ad1e7740.tlog\signtool.command.1.tlog
c:\users\13984\desktop\test\apcinject-drivermode\apcinject-drivermode\x64\debug\apcinjec.ad1e7740.tlog\signtool.read.1.tlog
c:\users\13984\desktop\test\apcinject-drivermode\apcinject-drivermode\x64\debug\apcinjec.ad1e7740.tlog\signtool.timestamp.1.tlog
c:\users\13984\desktop\test\apcinject-drivermode\apcinject-drivermode\x64\debug\apcinjec.ad1e7740.tlog\signtool.write.1.tlog
c:\users\13984\desktop\test\apcinject-drivermode\apcinject-drivermode\x64\debug\apcinjec.ad1e7740.tlog\stampinf.command.1.tlog
c:\users\13984\desktop\test\apcinject-drivermode\apcinject-drivermode\x64\debug\apcinjec.ad1e7740.tlog\stampinf.read.1.tlog
c:\users\13984\desktop\test\apcinject-drivermode\apcinject-drivermode\x64\debug\apcinjec.ad1e7740.tlog\stampinf.write.1.tlog
