  Building 'APCInject-DriverMode' with toolset 'WindowsKernelModeDriver10.0' and the 'Desktop' target platform.
  Stamping x64\Debug\APCInject-DriverMode.inf
  Stamping [Version] section with DriverVer=12/17/2024,13.49.58.953
C:\Users\wqwu\Desktop\Sample\APCInject-DriverMode\APCInject-DriverMode\APCInject-DriverMode.inf(55-55): warning 2083: Section [apcinject-drivermode.service] not referenced or used.
C:\Users\wqwu\Desktop\Sample\APCInject-DriverMode\APCInject-DriverMode\APCInject-DriverMode.inf(67-67): warning 1205: (NTx86) Section [APCInject-DriverMode.DriverFiles.x86] referenced from CopyFiles and DelFiles directive.
C:\Users\wqwu\Desktop\Sample\APCInject-DriverMode\APCInject-DriverMode\APCInject-DriverMode.inf(71-71): warning 1205: (NTamd64) Section [APCInject-DriverMode.DriverFiles.x64] referenced from CopyFiles and DelFiles directive.
  Inject.c
C:\Users\wqwu\Desktop\Sample\APCInject-DriverMode\APCInject-DriverMode\Inject.c(420,35): warning C4996: 'ExAllocatePoolWithTag': ExAllocatePoolWithTag is deprecated, use ExAllocatePool2.
  APCInject-DriverMode.vcxproj -> C:\Users\wqwu\Desktop\Sample\APCInject-DriverMode\x64\Debug\APCInject-DriverMode_x64.sys
  Done Adding Additional Store
  Successfully signed: C:\Users\wqwu\Desktop\Sample\APCInject-DriverMode\x64\Debug\APCInject-DriverMode_x64.sys
  
  ........................
  Signability test complete.
  
  Errors:
  None
  
  Warnings:
  None
  
  Catalog generation complete.
  C:\Users\wqwu\Desktop\Sample\APCInject-DriverMode\x64\Debug\APCInject-DriverMode\apcinject-drivermode.cat
  Done Adding Additional Store
  Successfully signed: C:\Users\wqwu\Desktop\Sample\APCInject-DriverMode\x64\Debug\APCInject-DriverMode\apcinject-drivermode.cat
  
